<?xml version="1.0" encoding="UTF-8"?>
<!-- Generated by org.testng.reporters.JUnitReportReporter -->
<testsuite hostname="Bujuku" failures="0" tests="1" name="com.simplilearn.restassuredtest.RestAssured_Assignment_001.GetCallTest" time="5.679" errors="0" timestamp="2024-01-23T17:12:34 IST" skipped="0">
  <testcase classname="com.simplilearn.restassuredtest.RestAssured_Assignment_001.GetCallTest" name="testGetPet" time="5.679"/>
</testsuite> <!-- com.simplilearn.restassuredtest.RestAssured_Assignment_001.GetCallTest -->
