<?xml version="1.0" encoding="UTF-8"?>
<!-- Generated by org.testng.reporters.JUnitReportReporter -->
<testsuite hostname="Bujuku" failures="0" tests="1" name="com.simplilearn.restassuredtest.RestAssured_Assignment_001.PostCallTest" time="4.524" errors="0" timestamp="2024-01-23T17:12:08 IST" skipped="0">
  <testcase classname="com.simplilearn.restassuredtest.RestAssured_Assignment_001.PostCallTest" name="testPostPet" time="4.524"/>
</testsuite> <!-- com.simplilearn.restassuredtest.RestAssured_Assignment_001.PostCallTest -->
