<?xml version="1.0" encoding="UTF-8"?>
<!-- Generated by org.testng.reporters.JUnitReportReporter -->
<testsuite hostname="Bujuku" failures="0" tests="3" name="com.simplilearn.restassuredtest.RestAssured_Assignment_005.GetStatusTest" time="7.493" errors="0" timestamp="2024-01-23T18:07:39 IST" skipped="0">
  <testcase classname="com.simplilearn.restassuredtest.RestAssured_Assignment_005.GetStatusTest" name="testPetStatus" time="1.275"/>
  <testcase classname="com.simplilearn.restassuredtest.RestAssured_Assignment_005.GetStatusTest" name="testPetStatus" time="4.781"/>
  <testcase classname="com.simplilearn.restassuredtest.RestAssured_Assignment_005.GetStatusTest" name="testPetStatus" time="1.437"/>
</testsuite> <!-- com.simplilearn.restassuredtest.RestAssured_Assignment_005.GetStatusTest -->
