<?xml version="1.0" encoding="UTF-8"?>
<!-- Generated by org.testng.reporters.JUnitReportReporter -->
<testsuite hostname="Bujuku" failures="0" tests="1" name="com.simplilearn.restassuredtest.RestAssured_Assignment_006.LogoutRequestTest" time="4.976" errors="0" timestamp="2024-01-23T17:48:47 IST" skipped="0">
  <testcase classname="com.simplilearn.restassuredtest.RestAssured_Assignment_006.LogoutRequestTest" name="testLogoutEndpoint" time="4.976"/>
</testsuite> <!-- com.simplilearn.restassuredtest.RestAssured_Assignment_006.LogoutRequestTest -->
