<?xml version="1.0" encoding="UTF-8"?>
<!-- Generated by org.testng.reporters.JUnitReportReporter -->
<testsuite hostname="Bujuku" failures="0" tests="1" name="com.simplilearn.restassuredtest.RestAssured_Assignment_001.DeleteCallTest" time="5.595" errors="0" timestamp="2024-01-23T17:13:03 IST" skipped="0">
  <testcase classname="com.simplilearn.restassuredtest.RestAssured_Assignment_001.DeleteCallTest" name="testDeletePet" time="5.595"/>
</testsuite> <!-- com.simplilearn.restassuredtest.RestAssured_Assignment_001.DeleteCallTest -->
