<?xml version="1.0" encoding="UTF-8"?>
<!-- Generated by org.testng.reporters.JUnitReportReporter -->
<testsuite hostname="Bujuku" failures="0" tests="3" name="com.simplilearn.restassuredtest.RestAssured_Assignment_002.PutCallRequest" time="7.500" errors="0" timestamp="2024-01-23T16:03:23 IST" skipped="0">
  <testcase classname="com.simplilearn.restassuredtest.RestAssured_Assignment_002.PutCallRequest" name="putCallTesting" time="2.603"/>
  <testcase classname="com.simplilearn.restassuredtest.RestAssured_Assignment_002.PutCallRequest" name="putCallTesting" time="1.324"/>
  <testcase classname="com.simplilearn.restassuredtest.RestAssured_Assignment_002.PutCallRequest" name="putCallTesting" time="3.573"/>
</testsuite> <!-- com.simplilearn.restassuredtest.RestAssured_Assignment_002.PutCallRequest -->
