<?xml version="1.0" encoding="UTF-8"?>
<!-- Generated by org.testng.reporters.JUnitReportReporter -->
<testsuite hostname="Bujuku" failures="0" tests="1" name="com.simplilearn.restassuredtest.RestAssured_Assignment_004.LoginRequestTest" time="3.552" errors="0" timestamp="2024-01-23T16:45:51 IST" skipped="0">
  <testcase classname="com.simplilearn.restassuredtest.RestAssured_Assignment_004.LoginRequestTest" name="loginAndGetSession" time="3.552"/>
</testsuite> <!-- com.simplilearn.restassuredtest.RestAssured_Assignment_004.LoginRequestTest -->
